<?xml version="1.0" encoding="UTF-8"?>
<!-- Generated by org.testng.reporters.JUnitReportReporter -->
<testsuite ignored="0" hostname="INLEN8520046726" failures="0" tests="1" name="com.app.tests.Scenario2" time="43.706" errors="0" timestamp="09 Jan 2023 10:42:24 GMT" skipped="0">
  <testcase classname="com.app.tests.Scenario2" name="login" time="43.706"/>
</testsuite> <!-- com.app.tests.Scenario2 -->
