<?xml version="1.0" encoding="UTF-8"?>
<!-- Generated by org.testng.reporters.JUnitReportReporter -->
<testsuite ignored="0" hostname="INLEN8520046726" failures="0" tests="1" name="com.app.tests.Scenario4" time="64.115" errors="0" timestamp="09 Jan 2023 13:23:38 GMT" skipped="0">
  <testcase classname="com.app.tests.Scenario4" name="f" time="64.115"/>
</testsuite> <!-- com.app.tests.Scenario4 -->
